2011-11-10 12:06:39,935 - Log4JLogChute initialized using file 'velocity.log'
2011-11-10 12:06:39,935 - Velocity not initialized yet. Calling init()...
2011-11-10 12:06:39,935 - Starting Apache Velocity v1.5 (compiled: 2007-02-22 08:52:29)
2011-11-10 12:06:39,935 - Default Properties File: org\apache\velocity\runtime\defaults\velocity.properties
2011-11-10 12:06:39,935 - Trying to use logger class org.apache.velocity.runtime.log.AvalonLogChute
2011-11-10 12:06:39,935 - Couldn't find class org.apache.velocity.runtime.log.AvalonLogChute or necessary supporting classes in classpath.
java.lang.NoClassDefFoundError: org/apache/log/format/Formatter
	at java.lang.Class.forName0(Native Method)
	at java.lang.Class.forName(Class.java:247)
	at org.apache.velocity.util.ClassUtils.getClass(ClassUtils.java:63)
	at org.apache.velocity.util.ClassUtils.getNewInstance(ClassUtils.java:95)
	at org.apache.velocity.runtime.log.LogManager.createLogChute(LogManager.java:147)
	at org.apache.velocity.runtime.log.LogManager.updateLog(LogManager.java:208)
	at org.apache.velocity.runtime.RuntimeInstance.initializeLog(RuntimeInstance.java:728)
	at org.apache.velocity.runtime.RuntimeInstance.init(RuntimeInstance.java:240)
	at org.apache.velocity.runtime.RuntimeInstance.getTemplate(RuntimeInstance.java:1099)
	at org.apache.velocity.runtime.RuntimeInstance.getTemplate(RuntimeInstance.java:1077)
	at org.apache.velocity.runtime.RuntimeSingleton.getTemplate(RuntimeSingleton.java:303)
	at org.apache.velocity.app.Velocity.getTemplate(Velocity.java:503)
	at com.wcs.base.report.ReportDemo.doPost(ReportDemo.java:130)
	at com.wcs.base.report.ReportDemo.main(ReportDemo.java:115)
Caused by: java.lang.ClassNotFoundException: org.apache.log.format.Formatter
	at java.net.URLClassLoader$1.run(URLClassLoader.java:202)
	at java.security.AccessController.doPrivileged(Native Method)
	at java.net.URLClassLoader.findClass(URLClassLoader.java:190)
	at java.lang.ClassLoader.loadClass(ClassLoader.java:307)
	at sun.misc.Launcher$AppClassLoader.loadClass(Launcher.java:301)
	at java.lang.ClassLoader.loadClass(ClassLoader.java:248)
	... 14 more
2011-11-10 12:06:39,938 - Trying to use logger class org.apache.velocity.runtime.log.Log4JLogChute
2011-11-10 12:06:39,938 - Using logger class org.apache.velocity.runtime.log.Log4JLogChute
2011-11-10 12:06:39,940 - Default ResourceManager initializing. (class org.apache.velocity.runtime.resource.ResourceManagerImpl)
2011-11-10 12:06:39,945 - ResourceLoader instantiated: org.apache.velocity.runtime.resource.loader.FileResourceLoader
2011-11-10 12:06:39,945 - Do unicode file recognition:  false
2011-11-10 12:06:39,945 - FileResourceLoader : adding path '.'
2011-11-10 12:06:40,065 - ResourceCache: initialized (class org.apache.velocity.runtime.resource.ResourceCacheImpl)
2011-11-10 12:06:40,068 - Loaded System Directive: org.apache.velocity.runtime.directive.Literal
2011-11-10 12:06:40,078 - Loaded System Directive: org.apache.velocity.runtime.directive.Macro
2011-11-10 12:06:40,080 - Loaded System Directive: org.apache.velocity.runtime.directive.Parse
2011-11-10 12:06:40,083 - Loaded System Directive: org.apache.velocity.runtime.directive.Include
2011-11-10 12:06:40,085 - Loaded System Directive: org.apache.velocity.runtime.directive.Foreach
2011-11-10 12:06:40,110 - Created '20' parsers.
2011-11-10 12:06:40,118 - Velocimacro : "velocimacro.library" is not set.  Trying default library: VM_global_library.vm
2011-11-10 12:06:40,118 - Velocimacro : Default library not found.
2011-11-10 12:06:40,118 - Velocimacro : allowInline = true : VMs can be defined inline in templates
2011-11-10 12:06:40,118 - Velocimacro : allowInlineToOverride = false : VMs defined inline may NOT replace previous VM definitions
2011-11-10 12:06:40,118 - Velocimacro : allowInlineLocal = false : VMs defined inline will be global in scope if allowed.
2011-11-10 12:06:40,118 - Velocimacro : autoload off : VM system will not automatically reload global library macros
2011-11-10 12:06:40,118 - ResourceManager : unable to find resource 'BasicReport.vm' in any resource loader.
2011-11-10 12:08:16,056 - Log4JLogChute initialized using file 'velocity.log'
2011-11-10 12:08:16,056 - Velocity not initialized yet. Calling init()...
2011-11-10 12:08:16,056 - Starting Apache Velocity v1.5 (compiled: 2007-02-22 08:52:29)
2011-11-10 12:08:16,056 - Default Properties File: org\apache\velocity\runtime\defaults\velocity.properties
2011-11-10 12:08:16,056 - Trying to use logger class org.apache.velocity.runtime.log.AvalonLogChute
2011-11-10 12:08:16,059 - Couldn't find class org.apache.velocity.runtime.log.AvalonLogChute or necessary supporting classes in classpath.
java.lang.NoClassDefFoundError: org/apache/log/format/Formatter
	at java.lang.Class.forName0(Native Method)
	at java.lang.Class.forName(Class.java:247)
	at org.apache.velocity.util.ClassUtils.getClass(ClassUtils.java:63)
	at org.apache.velocity.util.ClassUtils.getNewInstance(ClassUtils.java:95)
	at org.apache.velocity.runtime.log.LogManager.createLogChute(LogManager.java:147)
	at org.apache.velocity.runtime.log.LogManager.updateLog(LogManager.java:208)
	at org.apache.velocity.runtime.RuntimeInstance.initializeLog(RuntimeInstance.java:728)
	at org.apache.velocity.runtime.RuntimeInstance.init(RuntimeInstance.java:240)
	at org.apache.velocity.runtime.RuntimeInstance.getTemplate(RuntimeInstance.java:1099)
	at org.apache.velocity.runtime.RuntimeInstance.getTemplate(RuntimeInstance.java:1077)
	at org.apache.velocity.runtime.RuntimeSingleton.getTemplate(RuntimeSingleton.java:303)
	at org.apache.velocity.app.Velocity.getTemplate(Velocity.java:503)
	at com.wcs.base.report.ReportDemo.doPost(ReportDemo.java:130)
	at com.wcs.base.report.ReportDemo.main(ReportDemo.java:125)
Caused by: java.lang.ClassNotFoundException: org.apache.log.format.Formatter
	at java.net.URLClassLoader$1.run(URLClassLoader.java:202)
	at java.security.AccessController.doPrivileged(Native Method)
	at java.net.URLClassLoader.findClass(URLClassLoader.java:190)
	at java.lang.ClassLoader.loadClass(ClassLoader.java:307)
	at sun.misc.Launcher$AppClassLoader.loadClass(Launcher.java:301)
	at java.lang.ClassLoader.loadClass(ClassLoader.java:248)
	... 14 more
2011-11-10 12:08:16,064 - Trying to use logger class org.apache.velocity.runtime.log.Log4JLogChute
2011-11-10 12:08:16,064 - Using logger class org.apache.velocity.runtime.log.Log4JLogChute
2011-11-10 12:08:16,066 - Default ResourceManager initializing. (class org.apache.velocity.runtime.resource.ResourceManagerImpl)
2011-11-10 12:08:16,074 - ResourceLoader instantiated: org.apache.velocity.runtime.resource.loader.FileResourceLoader
2011-11-10 12:08:16,074 - Do unicode file recognition:  false
2011-11-10 12:08:16,076 - FileResourceLoader : adding path '.'
2011-11-10 12:08:16,094 - ResourceCache: initialized (class org.apache.velocity.runtime.resource.ResourceCacheImpl)
2011-11-10 12:08:16,101 - Loaded System Directive: org.apache.velocity.runtime.directive.Literal
2011-11-10 12:08:16,106 - Loaded System Directive: org.apache.velocity.runtime.directive.Macro
2011-11-10 12:08:16,111 - Loaded System Directive: org.apache.velocity.runtime.directive.Parse
2011-11-10 12:08:16,114 - Loaded System Directive: org.apache.velocity.runtime.directive.Include
2011-11-10 12:08:16,116 - Loaded System Directive: org.apache.velocity.runtime.directive.Foreach
2011-11-10 12:08:16,164 - Created '20' parsers.
2011-11-10 12:08:16,184 - Velocimacro : "velocimacro.library" is not set.  Trying default library: VM_global_library.vm
2011-11-10 12:08:16,184 - Velocimacro : Default library not found.
2011-11-10 12:08:16,184 - Velocimacro : allowInline = true : VMs can be defined inline in templates
2011-11-10 12:08:16,184 - Velocimacro : allowInlineToOverride = false : VMs defined inline may NOT replace previous VM definitions
2011-11-10 12:08:16,184 - Velocimacro : allowInlineLocal = false : VMs defined inline will be global in scope if allowed.
2011-11-10 12:08:16,184 - Velocimacro : autoload off : VM system will not automatically reload global library macros
2011-11-10 12:08:16,186 - ResourceManager : unable to find resource 'com/wcs/base/report/BasicReport.vm' in any resource loader.
2011-11-10 12:10:24,612 - Log4JLogChute initialized using file 'velocity.log'
2011-11-10 12:10:24,615 - Velocity not initialized yet. Calling init()...
2011-11-10 12:10:24,615 - Starting Apache Velocity v1.5 (compiled: 2007-02-22 08:52:29)
2011-11-10 12:10:24,615 - Default Properties File: org\apache\velocity\runtime\defaults\velocity.properties
2011-11-10 12:10:24,615 - Trying to use logger class org.apache.velocity.runtime.log.AvalonLogChute
2011-11-10 12:10:24,615 - Couldn't find class org.apache.velocity.runtime.log.AvalonLogChute or necessary supporting classes in classpath.
java.lang.NoClassDefFoundError: org/apache/log/format/Formatter
	at java.lang.Class.forName0(Native Method)
	at java.lang.Class.forName(Class.java:247)
	at org.apache.velocity.util.ClassUtils.getClass(ClassUtils.java:63)
	at org.apache.velocity.util.ClassUtils.getNewInstance(ClassUtils.java:95)
	at org.apache.velocity.runtime.log.LogManager.createLogChute(LogManager.java:147)
	at org.apache.velocity.runtime.log.LogManager.updateLog(LogManager.java:208)
	at org.apache.velocity.runtime.RuntimeInstance.initializeLog(RuntimeInstance.java:728)
	at org.apache.velocity.runtime.RuntimeInstance.init(RuntimeInstance.java:240)
	at org.apache.velocity.runtime.RuntimeInstance.getTemplate(RuntimeInstance.java:1099)
	at org.apache.velocity.runtime.RuntimeInstance.getTemplate(RuntimeInstance.java:1077)
	at org.apache.velocity.runtime.RuntimeSingleton.getTemplate(RuntimeSingleton.java:303)
	at org.apache.velocity.app.Velocity.getTemplate(Velocity.java:503)
	at com.wcs.base.report.ReportDemo.doPost(ReportDemo.java:130)
	at com.wcs.base.report.ReportDemo.main(ReportDemo.java:115)
Caused by: java.lang.ClassNotFoundException: org.apache.log.format.Formatter
	at java.net.URLClassLoader$1.run(URLClassLoader.java:202)
	at java.security.AccessController.doPrivileged(Native Method)
	at java.net.URLClassLoader.findClass(URLClassLoader.java:190)
	at java.lang.ClassLoader.loadClass(ClassLoader.java:307)
	at sun.misc.Launcher$AppClassLoader.loadClass(Launcher.java:301)
	at java.lang.ClassLoader.loadClass(ClassLoader.java:248)
	... 14 more
2011-11-10 12:10:24,617 - Trying to use logger class org.apache.velocity.runtime.log.Log4JLogChute
2011-11-10 12:10:24,617 - Using logger class org.apache.velocity.runtime.log.Log4JLogChute
2011-11-10 12:10:24,620 - Default ResourceManager initializing. (class org.apache.velocity.runtime.resource.ResourceManagerImpl)
2011-11-10 12:10:24,625 - ResourceLoader instantiated: org.apache.velocity.runtime.resource.loader.FileResourceLoader
2011-11-10 12:10:24,625 - Do unicode file recognition:  false
2011-11-10 12:10:24,625 - FileResourceLoader : adding path '.'
2011-11-10 12:10:24,640 - ResourceCache: initialized (class org.apache.velocity.runtime.resource.ResourceCacheImpl)
2011-11-10 12:10:24,640 - Loaded System Directive: org.apache.velocity.runtime.directive.Literal
2011-11-10 12:10:24,647 - Loaded System Directive: org.apache.velocity.runtime.directive.Macro
2011-11-10 12:10:24,647 - Loaded System Directive: org.apache.velocity.runtime.directive.Parse
2011-11-10 12:10:24,650 - Loaded System Directive: org.apache.velocity.runtime.directive.Include
2011-11-10 12:10:24,652 - Loaded System Directive: org.apache.velocity.runtime.directive.Foreach
2011-11-10 12:10:24,677 - Created '20' parsers.
2011-11-10 12:10:24,685 - Velocimacro : "velocimacro.library" is not set.  Trying default library: VM_global_library.vm
2011-11-10 12:10:24,685 - Velocimacro : Default library not found.
2011-11-10 12:10:24,685 - Velocimacro : allowInline = true : VMs can be defined inline in templates
2011-11-10 12:10:24,685 - Velocimacro : allowInlineToOverride = false : VMs defined inline may NOT replace previous VM definitions
2011-11-10 12:10:24,685 - Velocimacro : allowInlineLocal = false : VMs defined inline will be global in scope if allowed.
2011-11-10 12:10:24,685 - Velocimacro : autoload off : VM system will not automatically reload global library macros
2011-11-10 12:10:24,685 - ResourceManager : unable to find resource 'D:\projects\ncp\src\btc-base\src\main\java\com\wcs\base\report\BasicReport.vm' in any resource loader.
2011-11-10 12:11:47,086 - Log4JLogChute initialized using file 'velocity.log'
2011-11-10 12:11:47,086 - Velocity not initialized yet. Calling init()...
2011-11-10 12:11:47,086 - Starting Apache Velocity v1.5 (compiled: 2007-02-22 08:52:29)
2011-11-10 12:11:47,086 - Default Properties File: org\apache\velocity\runtime\defaults\velocity.properties
2011-11-10 12:11:47,086 - Trying to use logger class org.apache.velocity.runtime.log.AvalonLogChute
2011-11-10 12:11:47,086 - Couldn't find class org.apache.velocity.runtime.log.AvalonLogChute or necessary supporting classes in classpath.
java.lang.NoClassDefFoundError: org/apache/log/format/Formatter
	at java.lang.Class.forName0(Native Method)
	at java.lang.Class.forName(Class.java:247)
	at org.apache.velocity.util.ClassUtils.getClass(ClassUtils.java:63)
	at org.apache.velocity.util.ClassUtils.getNewInstance(ClassUtils.java:95)
	at org.apache.velocity.runtime.log.LogManager.createLogChute(LogManager.java:147)
	at org.apache.velocity.runtime.log.LogManager.updateLog(LogManager.java:208)
	at org.apache.velocity.runtime.RuntimeInstance.initializeLog(RuntimeInstance.java:728)
	at org.apache.velocity.runtime.RuntimeInstance.init(RuntimeInstance.java:240)
	at org.apache.velocity.runtime.RuntimeInstance.getTemplate(RuntimeInstance.java:1099)
	at org.apache.velocity.runtime.RuntimeInstance.getTemplate(RuntimeInstance.java:1077)
	at org.apache.velocity.runtime.RuntimeSingleton.getTemplate(RuntimeSingleton.java:303)
	at org.apache.velocity.app.Velocity.getTemplate(Velocity.java:503)
	at com.wcs.base.report.ReportDemo.doPost(ReportDemo.java:130)
	at com.wcs.base.report.ReportDemo.main(ReportDemo.java:115)
Caused by: java.lang.ClassNotFoundException: org.apache.log.format.Formatter
	at java.net.URLClassLoader$1.run(URLClassLoader.java:202)
	at java.security.AccessController.doPrivileged(Native Method)
	at java.net.URLClassLoader.findClass(URLClassLoader.java:190)
	at java.lang.ClassLoader.loadClass(ClassLoader.java:307)
	at sun.misc.Launcher$AppClassLoader.loadClass(Launcher.java:301)
	at java.lang.ClassLoader.loadClass(ClassLoader.java:248)
	... 14 more
2011-11-10 12:11:47,091 - Trying to use logger class org.apache.velocity.runtime.log.Log4JLogChute
2011-11-10 12:11:47,091 - Using logger class org.apache.velocity.runtime.log.Log4JLogChute
2011-11-10 12:11:47,096 - Default ResourceManager initializing. (class org.apache.velocity.runtime.resource.ResourceManagerImpl)
2011-11-10 12:11:47,101 - ResourceLoader instantiated: org.apache.velocity.runtime.resource.loader.FileResourceLoader
2011-11-10 12:11:47,106 - Do unicode file recognition:  false
2011-11-10 12:11:47,106 - FileResourceLoader : adding path '.'
2011-11-10 12:11:47,126 - ResourceCache: initialized (class org.apache.velocity.runtime.resource.ResourceCacheImpl)
2011-11-10 12:11:47,128 - Loaded System Directive: org.apache.velocity.runtime.directive.Literal
2011-11-10 12:11:47,136 - Loaded System Directive: org.apache.velocity.runtime.directive.Macro
2011-11-10 12:11:47,138 - Loaded System Directive: org.apache.velocity.runtime.directive.Parse
2011-11-10 12:11:47,141 - Loaded System Directive: org.apache.velocity.runtime.directive.Include
2011-11-10 12:11:47,143 - Loaded System Directive: org.apache.velocity.runtime.directive.Foreach
2011-11-10 12:11:47,191 - Created '20' parsers.
2011-11-10 12:11:47,211 - Velocimacro : "velocimacro.library" is not set.  Trying default library: VM_global_library.vm
2011-11-10 12:11:47,211 - Velocimacro : Default library not found.
2011-11-10 12:11:47,211 - Velocimacro : allowInline = true : VMs can be defined inline in templates
2011-11-10 12:11:47,211 - Velocimacro : allowInlineToOverride = false : VMs defined inline may NOT replace previous VM definitions
2011-11-10 12:11:47,211 - Velocimacro : allowInlineLocal = false : VMs defined inline will be global in scope if allowed.
2011-11-10 12:11:47,211 - Velocimacro : autoload off : VM system will not automatically reload global library macros
2011-11-10 12:11:47,213 - ResourceManager : unable to find resource 'D:\BasicReport.vm' in any resource loader.
2011-11-10 12:12:22,428 - Log4JLogChute initialized using file 'velocity.log'
2011-11-10 12:12:22,428 - Velocity not initialized yet. Calling init()...
2011-11-10 12:12:22,428 - Starting Apache Velocity v1.5 (compiled: 2007-02-22 08:52:29)
2011-11-10 12:12:22,428 - Default Properties File: org\apache\velocity\runtime\defaults\velocity.properties
2011-11-10 12:12:22,428 - Trying to use logger class org.apache.velocity.runtime.log.AvalonLogChute
2011-11-10 12:12:22,431 - Couldn't find class org.apache.velocity.runtime.log.AvalonLogChute or necessary supporting classes in classpath.
java.lang.NoClassDefFoundError: org/apache/log/format/Formatter
	at java.lang.Class.forName0(Native Method)
	at java.lang.Class.forName(Class.java:247)
	at org.apache.velocity.util.ClassUtils.getClass(ClassUtils.java:63)
	at org.apache.velocity.util.ClassUtils.getNewInstance(ClassUtils.java:95)
	at org.apache.velocity.runtime.log.LogManager.createLogChute(LogManager.java:147)
	at org.apache.velocity.runtime.log.LogManager.updateLog(LogManager.java:208)
	at org.apache.velocity.runtime.RuntimeInstance.initializeLog(RuntimeInstance.java:728)
	at org.apache.velocity.runtime.RuntimeInstance.init(RuntimeInstance.java:240)
	at org.apache.velocity.runtime.RuntimeInstance.getTemplate(RuntimeInstance.java:1099)
	at org.apache.velocity.runtime.RuntimeInstance.getTemplate(RuntimeInstance.java:1077)
	at org.apache.velocity.runtime.RuntimeSingleton.getTemplate(RuntimeSingleton.java:303)
	at org.apache.velocity.app.Velocity.getTemplate(Velocity.java:503)
	at com.wcs.base.report.ReportDemo.doPost(ReportDemo.java:130)
	at com.wcs.base.report.ReportDemo.main(ReportDemo.java:115)
Caused by: java.lang.ClassNotFoundException: org.apache.log.format.Formatter
	at java.net.URLClassLoader$1.run(URLClassLoader.java:202)
	at java.security.AccessController.doPrivileged(Native Method)
	at java.net.URLClassLoader.findClass(URLClassLoader.java:190)
	at java.lang.ClassLoader.loadClass(ClassLoader.java:307)
	at sun.misc.Launcher$AppClassLoader.loadClass(Launcher.java:301)
	at java.lang.ClassLoader.loadClass(ClassLoader.java:248)
	... 14 more
2011-11-10 12:12:22,436 - Trying to use logger class org.apache.velocity.runtime.log.Log4JLogChute
2011-11-10 12:12:22,436 - Using logger class org.apache.velocity.runtime.log.Log4JLogChute
2011-11-10 12:12:22,441 - Default ResourceManager initializing. (class org.apache.velocity.runtime.resource.ResourceManagerImpl)
2011-11-10 12:12:22,446 - ResourceLoader instantiated: org.apache.velocity.runtime.resource.loader.FileResourceLoader
2011-11-10 12:12:22,448 - Do unicode file recognition:  false
2011-11-10 12:12:22,448 - FileResourceLoader : adding path '.'
2011-11-10 12:12:22,468 - ResourceCache: initialized (class org.apache.velocity.runtime.resource.ResourceCacheImpl)
2011-11-10 12:12:22,473 - Loaded System Directive: org.apache.velocity.runtime.directive.Literal
2011-11-10 12:12:22,481 - Loaded System Directive: org.apache.velocity.runtime.directive.Macro
2011-11-10 12:12:22,483 - Loaded System Directive: org.apache.velocity.runtime.directive.Parse
2011-11-10 12:12:22,486 - Loaded System Directive: org.apache.velocity.runtime.directive.Include
2011-11-10 12:12:22,488 - Loaded System Directive: org.apache.velocity.runtime.directive.Foreach
2011-11-10 12:12:22,528 - Created '20' parsers.
2011-11-10 12:12:22,548 - Velocimacro : "velocimacro.library" is not set.  Trying default library: VM_global_library.vm
2011-11-10 12:12:22,548 - Velocimacro : Default library not found.
2011-11-10 12:12:22,548 - Velocimacro : allowInline = true : VMs can be defined inline in templates
2011-11-10 12:12:22,548 - Velocimacro : allowInlineToOverride = false : VMs defined inline may NOT replace previous VM definitions
2011-11-10 12:12:22,548 - Velocimacro : allowInlineLocal = false : VMs defined inline will be global in scope if allowed.
2011-11-10 12:12:22,548 - Velocimacro : autoload off : VM system will not automatically reload global library macros
2011-11-10 12:12:22,551 - ResourceManager : unable to find resource 'D:/BasicReport.vm' in any resource loader.
2011-11-10 12:13:14,707 - Log4JLogChute initialized using file 'velocity.log'
2011-11-10 12:13:14,707 - Velocity not initialized yet. Calling init()...
2011-11-10 12:13:14,707 - Starting Apache Velocity v1.5 (compiled: 2007-02-22 08:52:29)
2011-11-10 12:13:14,707 - Default Properties File: org\apache\velocity\runtime\defaults\velocity.properties
2011-11-10 12:13:14,707 - Trying to use logger class org.apache.velocity.runtime.log.AvalonLogChute
2011-11-10 12:13:14,709 - Couldn't find class org.apache.velocity.runtime.log.AvalonLogChute or necessary supporting classes in classpath.
java.lang.NoClassDefFoundError: org/apache/log/format/Formatter
	at java.lang.Class.forName0(Native Method)
	at java.lang.Class.forName(Class.java:247)
	at org.apache.velocity.util.ClassUtils.getClass(ClassUtils.java:63)
	at org.apache.velocity.util.ClassUtils.getNewInstance(ClassUtils.java:95)
	at org.apache.velocity.runtime.log.LogManager.createLogChute(LogManager.java:147)
	at org.apache.velocity.runtime.log.LogManager.updateLog(LogManager.java:208)
	at org.apache.velocity.runtime.RuntimeInstance.initializeLog(RuntimeInstance.java:728)
	at org.apache.velocity.runtime.RuntimeInstance.init(RuntimeInstance.java:240)
	at org.apache.velocity.runtime.RuntimeInstance.getTemplate(RuntimeInstance.java:1099)
	at org.apache.velocity.runtime.RuntimeInstance.getTemplate(RuntimeInstance.java:1077)
	at org.apache.velocity.runtime.RuntimeSingleton.getTemplate(RuntimeSingleton.java:303)
	at org.apache.velocity.app.Velocity.getTemplate(Velocity.java:503)
	at com.wcs.base.report.ReportDemo.doPost(ReportDemo.java:130)
	at com.wcs.base.report.ReportDemo.main(ReportDemo.java:115)
Caused by: java.lang.ClassNotFoundException: org.apache.log.format.Formatter
	at java.net.URLClassLoader$1.run(URLClassLoader.java:202)
	at java.security.AccessController.doPrivileged(Native Method)
	at java.net.URLClassLoader.findClass(URLClassLoader.java:190)
	at java.lang.ClassLoader.loadClass(ClassLoader.java:307)
	at sun.misc.Launcher$AppClassLoader.loadClass(Launcher.java:301)
	at java.lang.ClassLoader.loadClass(ClassLoader.java:248)
	... 14 more
2011-11-10 12:13:14,714 - Trying to use logger class org.apache.velocity.runtime.log.Log4JLogChute
2011-11-10 12:13:14,714 - Using logger class org.apache.velocity.runtime.log.Log4JLogChute
2011-11-10 12:13:14,717 - Default ResourceManager initializing. (class org.apache.velocity.runtime.resource.ResourceManagerImpl)
2011-11-10 12:13:14,724 - ResourceLoader instantiated: org.apache.velocity.runtime.resource.loader.FileResourceLoader
2011-11-10 12:13:14,727 - Do unicode file recognition:  false
2011-11-10 12:13:14,727 - FileResourceLoader : adding path '.'
2011-11-10 12:13:14,749 - ResourceCache: initialized (class org.apache.velocity.runtime.resource.ResourceCacheImpl)
2011-11-10 12:13:14,752 - Loaded System Directive: org.apache.velocity.runtime.directive.Literal
2011-11-10 12:13:14,762 - Loaded System Directive: org.apache.velocity.runtime.directive.Macro
2011-11-10 12:13:14,764 - Loaded System Directive: org.apache.velocity.runtime.directive.Parse
2011-11-10 12:13:14,767 - Loaded System Directive: org.apache.velocity.runtime.directive.Include
2011-11-10 12:13:14,769 - Loaded System Directive: org.apache.velocity.runtime.directive.Foreach
2011-11-10 12:13:14,809 - Created '20' parsers.
2011-11-10 12:13:14,827 - Velocimacro : "velocimacro.library" is not set.  Trying default library: VM_global_library.vm
2011-11-10 12:13:14,827 - Velocimacro : Default library not found.
2011-11-10 12:13:14,827 - Velocimacro : allowInline = true : VMs can be defined inline in templates
2011-11-10 12:13:14,827 - Velocimacro : allowInlineToOverride = false : VMs defined inline may NOT replace previous VM definitions
2011-11-10 12:13:14,827 - Velocimacro : allowInlineLocal = false : VMs defined inline will be global in scope if allowed.
2011-11-10 12:13:14,827 - Velocimacro : autoload off : VM system will not automatically reload global library macros
2011-11-10 12:13:14,829 - ResourceManager : unable to find resource 'BasicReport.vm' in any resource loader.
2011-11-10 13:15:02,846 - Log4JLogChute initialized using file 'velocity.log'
2011-11-10 13:15:02,846 - Starting Apache Velocity v1.5 (compiled: 2007-02-22 08:52:29)
2011-11-10 13:15:02,846 - Default Properties File: org\apache\velocity\runtime\defaults\velocity.properties
2011-11-10 13:15:02,846 - Trying to use logger class org.apache.velocity.runtime.log.AvalonLogChute
2011-11-10 13:15:02,846 - Couldn't find class org.apache.velocity.runtime.log.AvalonLogChute or necessary supporting classes in classpath.
java.lang.NoClassDefFoundError: org/apache/log/format/Formatter
	at java.lang.Class.forName0(Native Method)
	at java.lang.Class.forName(Class.java:247)
	at org.apache.velocity.util.ClassUtils.getClass(ClassUtils.java:63)
	at org.apache.velocity.util.ClassUtils.getNewInstance(ClassUtils.java:95)
	at org.apache.velocity.runtime.log.LogManager.createLogChute(LogManager.java:147)
	at org.apache.velocity.runtime.log.LogManager.updateLog(LogManager.java:208)
	at org.apache.velocity.runtime.RuntimeInstance.initializeLog(RuntimeInstance.java:728)
	at org.apache.velocity.runtime.RuntimeInstance.init(RuntimeInstance.java:240)
	at org.apache.velocity.runtime.RuntimeInstance.init(RuntimeInstance.java:534)
	at org.apache.velocity.runtime.RuntimeSingleton.init(RuntimeSingleton.java:227)
	at org.apache.velocity.app.Velocity.init(Velocity.java:111)
	at com.wcs.base.report.ReportDemo.doPost(ReportDemo.java:135)
	at com.wcs.base.report.ReportDemo.main(ReportDemo.java:116)
Caused by: java.lang.ClassNotFoundException: org.apache.log.format.Formatter
	at java.net.URLClassLoader$1.run(URLClassLoader.java:202)
	at java.security.AccessController.doPrivileged(Native Method)
	at java.net.URLClassLoader.findClass(URLClassLoader.java:190)
	at java.lang.ClassLoader.loadClass(ClassLoader.java:307)
	at sun.misc.Launcher$AppClassLoader.loadClass(Launcher.java:301)
	at java.lang.ClassLoader.loadClass(ClassLoader.java:248)
	... 13 more
2011-11-10 13:15:02,846 - Trying to use logger class org.apache.velocity.runtime.log.Log4JLogChute
2011-11-10 13:15:02,846 - Using logger class org.apache.velocity.runtime.log.Log4JLogChute
2011-11-10 13:15:02,846 - Default ResourceManager initializing. (class org.apache.velocity.runtime.resource.ResourceManagerImpl)
2011-11-10 13:15:02,846 - ResourceLoader instantiated: org.apache.velocity.runtime.resource.loader.ClasspathResourceLoader
2011-11-10 13:15:02,866 - ResourceCache: initialized (class org.apache.velocity.runtime.resource.ResourceCacheImpl)
2011-11-10 13:15:02,866 - Loaded System Directive: org.apache.velocity.runtime.directive.Literal
2011-11-10 13:15:02,866 - Loaded System Directive: org.apache.velocity.runtime.directive.Macro
2011-11-10 13:15:02,866 - Loaded System Directive: org.apache.velocity.runtime.directive.Parse
2011-11-10 13:15:02,876 - Loaded System Directive: org.apache.velocity.runtime.directive.Include
2011-11-10 13:15:02,876 - Loaded System Directive: org.apache.velocity.runtime.directive.Foreach
2011-11-10 13:15:02,906 - Created '20' parsers.
2011-11-10 13:15:02,906 - Velocimacro : "velocimacro.library" is not set.  Trying default library: VM_global_library.vm
2011-11-10 13:15:02,906 - Velocimacro : Default library not found.
2011-11-10 13:15:02,906 - Velocimacro : allowInline = true : VMs can be defined inline in templates
2011-11-10 13:15:02,906 - Velocimacro : allowInlineToOverride = false : VMs defined inline may NOT replace previous VM definitions
2011-11-10 13:15:02,906 - Velocimacro : allowInlineLocal = false : VMs defined inline will be global in scope if allowed.
2011-11-10 13:15:02,906 - Velocimacro : autoload off : VM system will not automatically reload global library macros
2011-11-10 13:15:05,956 - ResourceManager : found com/wcs/base/report/BasicReport.vm with loader org.apache.velocity.runtime.resource.loader.ClasspathResourceLoader
2011-11-10 13:15:25,276 - Null reference [template 'com/wcs/base/report/BasicReport.vm', line 11, column 26] : $sql cannot be resolved.
2011-11-10 13:15:25,276 - Null reference [template 'com/wcs/base/report/BasicReport.vm', line 40, column 50] : $title cannot be resolved.
2011-11-10 13:15:25,276 - Null reference [template 'com/wcs/base/report/BasicReport.vm', line 53, column 50] : $headerString cannot be resolved.
2011-11-10 13:20:15,490 - Log4JLogChute initialized using file 'velocity.log'
2011-11-10 13:20:15,490 - Starting Apache Velocity v1.5 (compiled: 2007-02-22 08:52:29)
2011-11-10 13:20:15,490 - Default Properties File: org\apache\velocity\runtime\defaults\velocity.properties
2011-11-10 13:20:15,490 - Trying to use logger class org.apache.velocity.runtime.log.AvalonLogChute
2011-11-10 13:20:15,490 - Couldn't find class org.apache.velocity.runtime.log.AvalonLogChute or necessary supporting classes in classpath.
java.lang.NoClassDefFoundError: org/apache/log/format/Formatter
	at java.lang.Class.forName0(Native Method)
	at java.lang.Class.forName(Class.java:247)
	at org.apache.velocity.util.ClassUtils.getClass(ClassUtils.java:63)
	at org.apache.velocity.util.ClassUtils.getNewInstance(ClassUtils.java:95)
	at org.apache.velocity.runtime.log.LogManager.createLogChute(LogManager.java:147)
	at org.apache.velocity.runtime.log.LogManager.updateLog(LogManager.java:208)
	at org.apache.velocity.runtime.RuntimeInstance.initializeLog(RuntimeInstance.java:728)
	at org.apache.velocity.runtime.RuntimeInstance.init(RuntimeInstance.java:240)
	at org.apache.velocity.runtime.RuntimeInstance.init(RuntimeInstance.java:534)
	at org.apache.velocity.runtime.RuntimeSingleton.init(RuntimeSingleton.java:227)
	at org.apache.velocity.app.Velocity.init(Velocity.java:111)
	at com.wcs.base.report.ReportDemo.doPost(ReportDemo.java:136)
	at com.wcs.base.report.ReportDemo.main(ReportDemo.java:117)
Caused by: java.lang.ClassNotFoundException: org.apache.log.format.Formatter
	at java.net.URLClassLoader$1.run(URLClassLoader.java:202)
	at java.security.AccessController.doPrivileged(Native Method)
	at java.net.URLClassLoader.findClass(URLClassLoader.java:190)
	at java.lang.ClassLoader.loadClass(ClassLoader.java:307)
	at sun.misc.Launcher$AppClassLoader.loadClass(Launcher.java:301)
	at java.lang.ClassLoader.loadClass(ClassLoader.java:248)
	... 13 more
2011-11-10 13:20:15,490 - Trying to use logger class org.apache.velocity.runtime.log.Log4JLogChute
2011-11-10 13:20:15,490 - Using logger class org.apache.velocity.runtime.log.Log4JLogChute
2011-11-10 13:20:15,490 - Default ResourceManager initializing. (class org.apache.velocity.runtime.resource.ResourceManagerImpl)
2011-11-10 13:20:15,490 - ResourceLoader instantiated: org.apache.velocity.runtime.resource.loader.ClasspathResourceLoader
2011-11-10 13:20:15,500 - ResourceCache: initialized (class org.apache.velocity.runtime.resource.ResourceCacheImpl)
2011-11-10 13:20:15,510 - Loaded System Directive: org.apache.velocity.runtime.directive.Literal
2011-11-10 13:20:15,510 - Loaded System Directive: org.apache.velocity.runtime.directive.Macro
2011-11-10 13:20:15,510 - Loaded System Directive: org.apache.velocity.runtime.directive.Parse
2011-11-10 13:20:15,510 - Loaded System Directive: org.apache.velocity.runtime.directive.Include
2011-11-10 13:20:15,520 - Loaded System Directive: org.apache.velocity.runtime.directive.Foreach
2011-11-10 13:20:15,540 - Created '20' parsers.
2011-11-10 13:20:15,540 - Velocimacro : "velocimacro.library" is not set.  Trying default library: VM_global_library.vm
2011-11-10 13:20:15,550 - Velocimacro : Default library not found.
2011-11-10 13:20:15,550 - Velocimacro : allowInline = true : VMs can be defined inline in templates
2011-11-10 13:20:15,550 - Velocimacro : allowInlineToOverride = false : VMs defined inline may NOT replace previous VM definitions
2011-11-10 13:20:15,550 - Velocimacro : allowInlineLocal = false : VMs defined inline will be global in scope if allowed.
2011-11-10 13:20:15,550 - Velocimacro : autoload off : VM system will not automatically reload global library macros
2011-11-10 13:20:18,410 - ResourceManager : found com/wcs/base/report/BasicReport.vm with loader org.apache.velocity.runtime.resource.loader.ClasspathResourceLoader
2011-11-10 13:20:20,850 - Null reference [template 'com/wcs/base/report/BasicReport.vm', line 11, column 26] : $sql cannot be resolved.
2011-11-10 13:20:20,850 - Null reference [template 'com/wcs/base/report/BasicReport.vm', line 40, column 50] : $title cannot be resolved.
2011-11-10 13:20:20,850 - Null reference [template 'com/wcs/base/report/BasicReport.vm', line 53, column 50] : $headerString cannot be resolved.
2011-11-10 13:21:41,374 - Log4JLogChute initialized using file 'velocity.log'
2011-11-10 13:21:41,374 - Starting Apache Velocity v1.5 (compiled: 2007-02-22 08:52:29)
2011-11-10 13:21:41,374 - Default Properties File: org\apache\velocity\runtime\defaults\velocity.properties
2011-11-10 13:21:41,374 - Trying to use logger class org.apache.velocity.runtime.log.AvalonLogChute
2011-11-10 13:21:41,374 - Couldn't find class org.apache.velocity.runtime.log.AvalonLogChute or necessary supporting classes in classpath.
java.lang.NoClassDefFoundError: org/apache/log/format/Formatter
	at java.lang.Class.forName0(Native Method)
	at java.lang.Class.forName(Class.java:247)
	at org.apache.velocity.util.ClassUtils.getClass(ClassUtils.java:63)
	at org.apache.velocity.util.ClassUtils.getNewInstance(ClassUtils.java:95)
	at org.apache.velocity.runtime.log.LogManager.createLogChute(LogManager.java:147)
	at org.apache.velocity.runtime.log.LogManager.updateLog(LogManager.java:208)
	at org.apache.velocity.runtime.RuntimeInstance.initializeLog(RuntimeInstance.java:728)
	at org.apache.velocity.runtime.RuntimeInstance.init(RuntimeInstance.java:240)
	at org.apache.velocity.runtime.RuntimeInstance.init(RuntimeInstance.java:534)
	at org.apache.velocity.runtime.RuntimeSingleton.init(RuntimeSingleton.java:227)
	at org.apache.velocity.app.Velocity.init(Velocity.java:111)
	at com.wcs.base.report.ReportDemo.doPost(ReportDemo.java:136)
	at com.wcs.base.report.ReportDemo.main(ReportDemo.java:117)
Caused by: java.lang.ClassNotFoundException: org.apache.log.format.Formatter
	at java.net.URLClassLoader$1.run(URLClassLoader.java:202)
	at java.security.AccessController.doPrivileged(Native Method)
	at java.net.URLClassLoader.findClass(URLClassLoader.java:190)
	at java.lang.ClassLoader.loadClass(ClassLoader.java:307)
	at sun.misc.Launcher$AppClassLoader.loadClass(Launcher.java:301)
	at java.lang.ClassLoader.loadClass(ClassLoader.java:248)
	... 13 more
2011-11-10 13:21:41,374 - Trying to use logger class org.apache.velocity.runtime.log.Log4JLogChute
2011-11-10 13:21:41,374 - Using logger class org.apache.velocity.runtime.log.Log4JLogChute
2011-11-10 13:21:41,384 - Default ResourceManager initializing. (class org.apache.velocity.runtime.resource.ResourceManagerImpl)
2011-11-10 13:21:41,384 - ResourceLoader instantiated: org.apache.velocity.runtime.resource.loader.ClasspathResourceLoader
2011-11-10 13:21:41,394 - ResourceCache: initialized (class org.apache.velocity.runtime.resource.ResourceCacheImpl)
2011-11-10 13:21:41,394 - Loaded System Directive: org.apache.velocity.runtime.directive.Literal
2011-11-10 13:21:41,394 - Loaded System Directive: org.apache.velocity.runtime.directive.Macro
2011-11-10 13:21:41,394 - Loaded System Directive: org.apache.velocity.runtime.directive.Parse
2011-11-10 13:21:41,404 - Loaded System Directive: org.apache.velocity.runtime.directive.Include
2011-11-10 13:21:41,404 - Loaded System Directive: org.apache.velocity.runtime.directive.Foreach
2011-11-10 13:21:41,424 - Created '20' parsers.
2011-11-10 13:21:41,434 - Velocimacro : "velocimacro.library" is not set.  Trying default library: VM_global_library.vm
2011-11-10 13:21:41,434 - Velocimacro : Default library not found.
2011-11-10 13:21:41,434 - Velocimacro : allowInline = true : VMs can be defined inline in templates
2011-11-10 13:21:41,434 - Velocimacro : allowInlineToOverride = false : VMs defined inline may NOT replace previous VM definitions
2011-11-10 13:21:41,434 - Velocimacro : allowInlineLocal = false : VMs defined inline will be global in scope if allowed.
2011-11-10 13:21:41,434 - Velocimacro : autoload off : VM system will not automatically reload global library macros
2011-11-10 13:21:46,974 - ResourceManager : found com/wcs/base/report/BasicReport.vm with loader org.apache.velocity.runtime.resource.loader.ClasspathResourceLoader
2011-11-10 13:21:49,844 - Null reference [template 'com/wcs/base/report/BasicReport.vm', line 11, column 26] : $sql cannot be resolved.
2011-11-10 13:21:49,844 - Null reference [template 'com/wcs/base/report/BasicReport.vm', line 40, column 50] : $title cannot be resolved.
2011-11-10 13:21:49,844 - Null reference [template 'com/wcs/base/report/BasicReport.vm', line 53, column 50] : $headerString cannot be resolved.
2011-11-10 13:26:58,267 - Log4JLogChute initialized using file 'velocity.log'
2011-11-10 13:26:58,267 - Starting Apache Velocity v1.5 (compiled: 2007-02-22 08:52:29)
2011-11-10 13:26:58,267 - Default Properties File: org\apache\velocity\runtime\defaults\velocity.properties
2011-11-10 13:26:58,267 - Trying to use logger class org.apache.velocity.runtime.log.AvalonLogChute
2011-11-10 13:26:58,267 - Couldn't find class org.apache.velocity.runtime.log.AvalonLogChute or necessary supporting classes in classpath.
java.lang.NoClassDefFoundError: org/apache/log/format/Formatter
	at java.lang.Class.forName0(Native Method)
	at java.lang.Class.forName(Class.java:247)
	at org.apache.velocity.util.ClassUtils.getClass(ClassUtils.java:63)
	at org.apache.velocity.util.ClassUtils.getNewInstance(ClassUtils.java:95)
	at org.apache.velocity.runtime.log.LogManager.createLogChute(LogManager.java:147)
	at org.apache.velocity.runtime.log.LogManager.updateLog(LogManager.java:208)
	at org.apache.velocity.runtime.RuntimeInstance.initializeLog(RuntimeInstance.java:728)
	at org.apache.velocity.runtime.RuntimeInstance.init(RuntimeInstance.java:240)
	at org.apache.velocity.runtime.RuntimeInstance.init(RuntimeInstance.java:534)
	at org.apache.velocity.runtime.RuntimeSingleton.init(RuntimeSingleton.java:227)
	at org.apache.velocity.app.Velocity.init(Velocity.java:111)
	at com.wcs.base.report.ReportDemo.doPost(ReportDemo.java:136)
	at com.wcs.base.report.ReportDemo.main(ReportDemo.java:117)
Caused by: java.lang.ClassNotFoundException: org.apache.log.format.Formatter
	at java.net.URLClassLoader$1.run(URLClassLoader.java:202)
	at java.security.AccessController.doPrivileged(Native Method)
	at java.net.URLClassLoader.findClass(URLClassLoader.java:190)
	at java.lang.ClassLoader.loadClass(ClassLoader.java:307)
	at sun.misc.Launcher$AppClassLoader.loadClass(Launcher.java:301)
	at java.lang.ClassLoader.loadClass(ClassLoader.java:248)
	... 13 more
2011-11-10 13:26:58,277 - Trying to use logger class org.apache.velocity.runtime.log.Log4JLogChute
2011-11-10 13:26:58,277 - Using logger class org.apache.velocity.runtime.log.Log4JLogChute
2011-11-10 13:26:58,277 - Default ResourceManager initializing. (class org.apache.velocity.runtime.resource.ResourceManagerImpl)
2011-11-10 13:26:58,277 - ResourceLoader instantiated: org.apache.velocity.runtime.resource.loader.ClasspathResourceLoader
2011-11-10 13:26:58,287 - ResourceCache: initialized (class org.apache.velocity.runtime.resource.ResourceCacheImpl)
2011-11-10 13:26:58,297 - Loaded System Directive: org.apache.velocity.runtime.directive.Literal
2011-11-10 13:26:58,297 - Loaded System Directive: org.apache.velocity.runtime.directive.Macro
2011-11-10 13:26:58,297 - Loaded System Directive: org.apache.velocity.runtime.directive.Parse
2011-11-10 13:26:58,297 - Loaded System Directive: org.apache.velocity.runtime.directive.Include
2011-11-10 13:26:58,297 - Loaded System Directive: org.apache.velocity.runtime.directive.Foreach
2011-11-10 13:26:58,327 - Created '20' parsers.
2011-11-10 13:26:58,327 - Velocimacro : "velocimacro.library" is not set.  Trying default library: VM_global_library.vm
2011-11-10 13:26:58,327 - Velocimacro : Default library not found.
2011-11-10 13:26:58,327 - Velocimacro : allowInline = true : VMs can be defined inline in templates
2011-11-10 13:26:58,327 - Velocimacro : allowInlineToOverride = false : VMs defined inline may NOT replace previous VM definitions
2011-11-10 13:26:58,327 - Velocimacro : allowInlineLocal = false : VMs defined inline will be global in scope if allowed.
2011-11-10 13:26:58,327 - Velocimacro : autoload off : VM system will not automatically reload global library macros
2011-11-10 13:26:58,367 - ResourceManager : found com/wcs/base/report/BasicReport.vm with loader org.apache.velocity.runtime.resource.loader.ClasspathResourceLoader
2011-11-10 13:26:58,377 - Null reference [template 'com/wcs/base/report/BasicReport.vm', line 12, column 26] : $sql cannot be resolved.
2011-11-10 13:26:58,377 - Null reference [template 'com/wcs/base/report/BasicReport.vm', line 41, column 50] : $title cannot be resolved.
2011-11-10 13:26:58,377 - Null reference [template 'com/wcs/base/report/BasicReport.vm', line 54, column 50] : $headerString cannot be resolved.
2011-11-10 13:27:44,139 - Log4JLogChute initialized using file 'velocity.log'
2011-11-10 13:27:44,139 - Starting Apache Velocity v1.5 (compiled: 2007-02-22 08:52:29)
2011-11-10 13:27:44,139 - Default Properties File: org\apache\velocity\runtime\defaults\velocity.properties
2011-11-10 13:27:44,139 - Trying to use logger class org.apache.velocity.runtime.log.AvalonLogChute
2011-11-10 13:27:44,139 - Couldn't find class org.apache.velocity.runtime.log.AvalonLogChute or necessary supporting classes in classpath.
java.lang.NoClassDefFoundError: org/apache/log/format/Formatter
	at java.lang.Class.forName0(Native Method)
	at java.lang.Class.forName(Class.java:247)
	at org.apache.velocity.util.ClassUtils.getClass(ClassUtils.java:63)
	at org.apache.velocity.util.ClassUtils.getNewInstance(ClassUtils.java:95)
	at org.apache.velocity.runtime.log.LogManager.createLogChute(LogManager.java:147)
	at org.apache.velocity.runtime.log.LogManager.updateLog(LogManager.java:208)
	at org.apache.velocity.runtime.RuntimeInstance.initializeLog(RuntimeInstance.java:728)
	at org.apache.velocity.runtime.RuntimeInstance.init(RuntimeInstance.java:240)
	at org.apache.velocity.runtime.RuntimeInstance.init(RuntimeInstance.java:534)
	at org.apache.velocity.runtime.RuntimeSingleton.init(RuntimeSingleton.java:227)
	at org.apache.velocity.app.Velocity.init(Velocity.java:111)
	at com.wcs.base.report.ReportDemo.doPost(ReportDemo.java:136)
	at com.wcs.base.report.ReportDemo.main(ReportDemo.java:117)
Caused by: java.lang.ClassNotFoundException: org.apache.log.format.Formatter
	at java.net.URLClassLoader$1.run(URLClassLoader.java:202)
	at java.security.AccessController.doPrivileged(Native Method)
	at java.net.URLClassLoader.findClass(URLClassLoader.java:190)
	at java.lang.ClassLoader.loadClass(ClassLoader.java:307)
	at sun.misc.Launcher$AppClassLoader.loadClass(Launcher.java:301)
	at java.lang.ClassLoader.loadClass(ClassLoader.java:248)
	... 13 more
2011-11-10 13:27:44,139 - Trying to use logger class org.apache.velocity.runtime.log.Log4JLogChute
2011-11-10 13:27:44,139 - Using logger class org.apache.velocity.runtime.log.Log4JLogChute
2011-11-10 13:27:44,139 - Default ResourceManager initializing. (class org.apache.velocity.runtime.resource.ResourceManagerImpl)
2011-11-10 13:27:44,139 - ResourceLoader instantiated: org.apache.velocity.runtime.resource.loader.ClasspathResourceLoader
2011-11-10 13:27:44,159 - ResourceCache: initialized (class org.apache.velocity.runtime.resource.ResourceCacheImpl)
2011-11-10 13:27:44,159 - Loaded System Directive: org.apache.velocity.runtime.directive.Literal
2011-11-10 13:27:44,159 - Loaded System Directive: org.apache.velocity.runtime.directive.Macro
2011-11-10 13:27:44,159 - Loaded System Directive: org.apache.velocity.runtime.directive.Parse
2011-11-10 13:27:44,159 - Loaded System Directive: org.apache.velocity.runtime.directive.Include
2011-11-10 13:27:44,169 - Loaded System Directive: org.apache.velocity.runtime.directive.Foreach
2011-11-10 13:27:44,189 - Created '20' parsers.
2011-11-10 13:27:44,199 - Velocimacro : "velocimacro.library" is not set.  Trying default library: VM_global_library.vm
2011-11-10 13:27:44,199 - Velocimacro : Default library not found.
2011-11-10 13:27:44,199 - Velocimacro : allowInline = true : VMs can be defined inline in templates
2011-11-10 13:27:44,199 - Velocimacro : allowInlineToOverride = false : VMs defined inline may NOT replace previous VM definitions
2011-11-10 13:27:44,199 - Velocimacro : allowInlineLocal = false : VMs defined inline will be global in scope if allowed.
2011-11-10 13:27:44,199 - Velocimacro : autoload off : VM system will not automatically reload global library macros
2011-11-10 13:27:44,229 - ResourceManager : found com/wcs/base/report/BasicReport.vm with loader org.apache.velocity.runtime.resource.loader.ClasspathResourceLoader
2011-11-10 13:27:44,239 - Null reference [template 'com/wcs/base/report/BasicReport.vm', line 12, column 26] : $sql cannot be resolved.
2011-11-10 13:27:44,239 - Null reference [template 'com/wcs/base/report/BasicReport.vm', line 41, column 50] : $title cannot be resolved.
2011-11-10 13:27:44,239 - Null reference [template 'com/wcs/base/report/BasicReport.vm', line 54, column 50] : $headerString cannot be resolved.
